{"/home/joelrd01/Documents/programing/Backend/shortener-url/src/Middleware/authJWT.ts": {"path":"/home/joelrd01/Documents/programing/Backend/shortener-url/src/Middleware/authJWT.ts","statementMap":{"0":{"start":{"line":8,"column":0},"end":{"line":8,"column":16}},"1":{"start":{"line":25,"column":0},"end":{"line":25,"column":7}},"2":{"start":{"line":49,"column":0},"end":{"line":49,"column":16}},"3":{"start":{"line":1,"column":0},"end":{"line":1,"column":31}},"4":{"start":{"line":4,"column":0},"end":{"line":4,"column":38}},"5":{"start":{"line":6,"column":19},"end":{"line":6,"column":35}},"6":{"start":{"line":9,"column":23},"end":{"line":9,"column":54}},"7":{"start":{"line":11,"column":2},"end":{"line":13,"column":3}},"8":{"start":{"line":12,"column":4},"end":{"line":12,"column":40}},"9":{"start":{"line":15,"column":16},"end":{"line":15,"column":28}},"10":{"start":{"line":17,"column":2},"end":{"line":22,"column":5}},"11":{"start":{"line":18,"column":4},"end":{"line":20,"column":5}},"12":{"start":{"line":19,"column":6},"end":{"line":19,"column":42}},"13":{"start":{"line":21,"column":4},"end":{"line":21,"column":11}},"14":{"start":{"line":27,"column":2},"end":{"line":30,"column":3}},"15":{"start":{"line":28,"column":4},"end":{"line":28,"column":33}},"16":{"start":{"line":29,"column":4},"end":{"line":29,"column":10}},"17":{"start":{"line":32,"column":22},"end":{"line":32,"column":67}},"18":{"start":{"line":33,"column":26},"end":{"line":33,"column":43}},"19":{"start":{"line":35,"column":2},"end":{"line":38,"column":3}},"20":{"start":{"line":36,"column":4},"end":{"line":36,"column":33}},"21":{"start":{"line":37,"column":4},"end":{"line":37,"column":10}},"22":{"start":{"line":39,"column":16},"end":{"line":39,"column":31}},"23":{"start":{"line":40,"column":2},"end":{"line":46,"column":5}},"24":{"start":{"line":41,"column":4},"end":{"line":44,"column":5}},"25":{"start":{"line":42,"column":6},"end":{"line":42,"column":null}},"26":{"start":{"line":43,"column":6},"end":{"line":43,"column":12}},"27":{"start":{"line":45,"column":4},"end":{"line":45,"column":11}},"28":{"start":{"line":50,"column":23},"end":{"line":50,"column":54}},"29":{"start":{"line":51,"column":2},"end":{"line":53,"column":3}},"30":{"start":{"line":52,"column":4},"end":{"line":52,"column":18}},"31":{"start":{"line":55,"column":2},"end":{"line":60,"column":5}},"32":{"start":{"line":56,"column":4},"end":{"line":58,"column":5}},"33":{"start":{"line":57,"column":6},"end":{"line":57,"column":20}},"34":{"start":{"line":59,"column":4},"end":{"line":59,"column":53}}},"fnMap":{"0":{"name":"authJWT","decl":{"start":{"line":8,"column":16},"end":{"line":8,"column":23}},"loc":{"start":{"line":8,"column":71},"end":{"line":23,"column":1}}},"1":{"name":"(anonymous_2)","decl":{"start":{"line":17,"column":32},"end":{"line":17,"column":33}},"loc":{"start":{"line":17,"column":49},"end":{"line":22,"column":3}}},"2":{"name":"verifySendToEmail","decl":{"start":{"line":25,"column":22},"end":{"line":25,"column":39}},"loc":{"start":{"line":25,"column":87},"end":{"line":47,"column":1}}},"3":{"name":"(anonymous_4)","decl":{"start":{"line":40,"column":42},"end":{"line":40,"column":43}},"loc":{"start":{"line":40,"column":59},"end":{"line":46,"column":3}}},"4":{"name":"redirectIfAuthenticated","decl":{"start":{"line":49,"column":16},"end":{"line":49,"column":39}},"loc":{"start":{"line":49,"column":87},"end":{"line":61,"column":1}}},"5":{"name":"(anonymous_6)","decl":{"start":{"line":55,"column":39},"end":{"line":55,"column":40}},"loc":{"start":{"line":55,"column":56},"end":{"line":60,"column":3}}}},"branchMap":{"0":{"loc":{"start":{"line":11,"column":2},"end":{"line":13,"column":3}},"type":"if","locations":[{"start":{"line":11,"column":2},"end":{"line":13,"column":3}},{"start":{},"end":{}}]},"1":{"loc":{"start":{"line":18,"column":4},"end":{"line":20,"column":5}},"type":"if","locations":[{"start":{"line":18,"column":4},"end":{"line":20,"column":5}},{"start":{},"end":{}}]},"2":{"loc":{"start":{"line":27,"column":2},"end":{"line":30,"column":3}},"type":"if","locations":[{"start":{"line":27,"column":2},"end":{"line":30,"column":3}},{"start":{},"end":{}}]},"3":{"loc":{"start":{"line":35,"column":2},"end":{"line":38,"column":3}},"type":"if","locations":[{"start":{"line":35,"column":2},"end":{"line":38,"column":3}},{"start":{},"end":{}}]},"4":{"loc":{"start":{"line":41,"column":4},"end":{"line":44,"column":5}},"type":"if","locations":[{"start":{"line":41,"column":4},"end":{"line":44,"column":5}},{"start":{},"end":{}}]},"5":{"loc":{"start":{"line":51,"column":2},"end":{"line":53,"column":3}},"type":"if","locations":[{"start":{"line":51,"column":2},"end":{"line":53,"column":3}},{"start":{},"end":{}}]},"6":{"loc":{"start":{"line":56,"column":4},"end":{"line":58,"column":5}},"type":"if","locations":[{"start":{"line":56,"column":4},"end":{"line":58,"column":5}},{"start":{},"end":{}}]}},"s":{"0":1,"1":1,"2":1,"3":1,"4":1,"5":1,"6":3,"7":3,"8":1,"9":2,"10":2,"11":2,"12":1,"13":1,"14":3,"15":1,"16":1,"17":2,"18":2,"19":2,"20":0,"21":0,"22":2,"23":2,"24":2,"25":1,"26":1,"27":1,"28":0,"29":0,"30":0,"31":0,"32":0,"33":0,"34":0},"f":{"0":3,"1":2,"2":3,"3":2,"4":0,"5":0},"b":{"0":[1,2],"1":[1,1],"2":[1,2],"3":[0,2],"4":[1,1],"5":[0,0],"6":[0,0]}}
,"/home/joelrd01/Documents/programing/Backend/shortener-url/src/repository/urlShortAnonimusRepository.ts": {"path":"/home/joelrd01/Documents/programing/Backend/shortener-url/src/repository/urlShortAnonimusRepository.ts","statementMap":{"0":{"start":{"line":5,"column":24},"end":{"line":5,"column":34}},"1":{"start":{"line":8,"column":8},"end":{"line":22,"column":9}},"2":{"start":{"line":9,"column":27},"end":{"line":12,"column":14}},"3":{"start":{"line":14,"column":12},"end":{"line":16,"column":13}},"4":{"start":{"line":15,"column":16},"end":{"line":15,"column":28}},"5":{"start":{"line":18,"column":12},"end":{"line":18,"column":57}},"6":{"start":{"line":20,"column":12},"end":{"line":20,"column":null}},"7":{"start":{"line":21,"column":12},"end":{"line":21,"column":24}},"8":{"start":{"line":26,"column":8},"end":{"line":40,"column":9}},"9":{"start":{"line":27,"column":27},"end":{"line":30,"column":14}},"10":{"start":{"line":32,"column":12},"end":{"line":34,"column":13}},"11":{"start":{"line":33,"column":16},"end":{"line":33,"column":28}},"12":{"start":{"line":36,"column":12},"end":{"line":36,"column":29}},"13":{"start":{"line":38,"column":12},"end":{"line":38,"column":null}},"14":{"start":{"line":39,"column":12},"end":{"line":39,"column":24}},"15":{"start":{"line":4,"column":0},"end":{"line":4,"column":13}}},"fnMap":{"0":{"name":"(anonymous_0)","decl":{"start":{"line":5,"column":4},"end":{"line":5,"column":24}},"loc":{"start":{"line":5,"column":34},"end":{"line":5,"column":39}}},"1":{"name":"(anonymous_1)","decl":{"start":{"line":7,"column":4},"end":{"line":7,"column":9}},"loc":{"start":{"line":7,"column":36},"end":{"line":23,"column":5}}},"2":{"name":"(anonymous_2)","decl":{"start":{"line":25,"column":4},"end":{"line":25,"column":9}},"loc":{"start":{"line":25,"column":56},"end":{"line":41,"column":5}}}},"branchMap":{"0":{"loc":{"start":{"line":14,"column":12},"end":{"line":16,"column":13}},"type":"if","locations":[{"start":{"line":14,"column":12},"end":{"line":16,"column":13}},{"start":{},"end":{}}]},"1":{"loc":{"start":{"line":32,"column":12},"end":{"line":34,"column":13}},"type":"if","locations":[{"start":{"line":32,"column":12},"end":{"line":34,"column":13}},{"start":{},"end":{}}]}},"s":{"0":4,"1":2,"2":2,"3":2,"4":0,"5":2,"6":1,"7":1,"8":2,"9":2,"10":1,"11":0,"12":1,"13":1,"14":1,"15":1},"f":{"0":4,"1":2,"2":2},"b":{"0":[0,2],"1":[0,1]}}
,"/home/joelrd01/Documents/programing/Backend/shortener-url/src/repository/userAuthRepository.ts": {"path":"/home/joelrd01/Documents/programing/Backend/shortener-url/src/repository/userAuthRepository.ts","statementMap":{"0":{"start":{"line":5,"column":24},"end":{"line":5,"column":34}},"1":{"start":{"line":8,"column":23},"end":{"line":11,"column":10}},"2":{"start":{"line":12,"column":8},"end":{"line":12,"column":38}},"3":{"start":{"line":16,"column":8},"end":{"line":30,"column":9}},"4":{"start":{"line":17,"column":27},"end":{"line":24,"column":14}},"5":{"start":{"line":26,"column":12},"end":{"line":26,"column":28}},"6":{"start":{"line":28,"column":12},"end":{"line":28,"column":71}},"7":{"start":{"line":29,"column":12},"end":{"line":29,"column":25}},"8":{"start":{"line":34,"column":8},"end":{"line":47,"column":9}},"9":{"start":{"line":35,"column":25},"end":{"line":35,"column":54}},"10":{"start":{"line":36,"column":27},"end":{"line":36,"column":48}},"11":{"start":{"line":38,"column":27},"end":{"line":41,"column":14}},"12":{"start":{"line":43,"column":12},"end":{"line":43,"column":28}},"13":{"start":{"line":45,"column":12},"end":{"line":45,"column":82}},"14":{"start":{"line":46,"column":12},"end":{"line":46,"column":25}},"15":{"start":{"line":51,"column":8},"end":{"line":61,"column":9}},"16":{"start":{"line":52,"column":27},"end":{"line":55,"column":14}},"17":{"start":{"line":57,"column":12},"end":{"line":57,"column":36}},"18":{"start":{"line":59,"column":12},"end":{"line":59,"column":85}},"19":{"start":{"line":60,"column":12},"end":{"line":60,"column":25}},"20":{"start":{"line":65,"column":8},"end":{"line":75,"column":9}},"21":{"start":{"line":66,"column":27},"end":{"line":69,"column":14}},"22":{"start":{"line":71,"column":12},"end":{"line":71,"column":28}},"23":{"start":{"line":73,"column":12},"end":{"line":73,"column":89}},"24":{"start":{"line":74,"column":12},"end":{"line":74,"column":25}},"25":{"start":{"line":4,"column":0},"end":{"line":4,"column":13}}},"fnMap":{"0":{"name":"(anonymous_0)","decl":{"start":{"line":5,"column":4},"end":{"line":5,"column":24}},"loc":{"start":{"line":5,"column":34},"end":{"line":5,"column":39}}},"1":{"name":"(anonymous_1)","decl":{"start":{"line":7,"column":4},"end":{"line":7,"column":9}},"loc":{"start":{"line":7,"column":35},"end":{"line":13,"column":5}}},"2":{"name":"(anonymous_2)","decl":{"start":{"line":15,"column":4},"end":{"line":15,"column":9}},"loc":{"start":{"line":15,"column":33},"end":{"line":31,"column":5}}},"3":{"name":"(anonymous_3)","decl":{"start":{"line":33,"column":4},"end":{"line":33,"column":9}},"loc":{"start":{"line":33,"column":59},"end":{"line":48,"column":5}}},"4":{"name":"(anonymous_4)","decl":{"start":{"line":50,"column":4},"end":{"line":50,"column":9}},"loc":{"start":{"line":50,"column":60},"end":{"line":62,"column":5}}},"5":{"name":"(anonymous_5)","decl":{"start":{"line":64,"column":4},"end":{"line":64,"column":9}},"loc":{"start":{"line":64,"column":50},"end":{"line":76,"column":5}}}},"branchMap":{"0":{"loc":{"start":{"line":12,"column":15},"end":{"line":12,"column":37}},"type":"binary-expr","locations":[{"start":{"line":12,"column":15},"end":{"line":12,"column":29}},{"start":{"line":12,"column":33},"end":{"line":12,"column":37}}]},"1":{"loc":{"start":{"line":36,"column":27},"end":{"line":36,"column":48}},"type":"cond-expr","locations":[{"start":{"line":36,"column":34},"end":{"line":36,"column":41}},{"start":{"line":36,"column":44},"end":{"line":36,"column":48}}]}},"s":{"0":4,"1":2,"2":2,"3":2,"4":2,"5":1,"6":1,"7":1,"8":0,"9":0,"10":0,"11":0,"12":0,"13":0,"14":0,"15":0,"16":0,"17":0,"18":0,"19":0,"20":0,"21":0,"22":0,"23":0,"24":0,"25":1},"f":{"0":4,"1":2,"2":2,"3":0,"4":0,"5":0},"b":{"0":[2,1],"1":[0,0]}}
,"/home/joelrd01/Documents/programing/Backend/shortener-url/src/utils/base62Convert.ts": {"path":"/home/joelrd01/Documents/programing/Backend/shortener-url/src/utils/base62Convert.ts","statementMap":{"0":{"start":{"line":2,"column":36},"end":{"line":2,"column":100}},"1":{"start":{"line":3,"column":33},"end":{"line":3,"column":35}},"2":{"start":{"line":9,"column":18},"end":{"line":9,"column":47}},"3":{"start":{"line":10,"column":14},"end":{"line":10,"column":16}},"4":{"start":{"line":12,"column":4},"end":{"line":14,"column":5}},"5":{"start":{"line":13,"column":6},"end":{"line":13,"column":38}},"6":{"start":{"line":16,"column":4},"end":{"line":16,"column":31}},"7":{"start":{"line":16,"column":20},"end":{"line":16,"column":31}},"8":{"start":{"line":18,"column":17},"end":{"line":18,"column":19}},"9":{"start":{"line":19,"column":4},"end":{"line":22,"column":5}},"10":{"start":{"line":20,"column":6},"end":{"line":20,"column":56}},"11":{"start":{"line":21,"column":6},"end":{"line":21,"column":22}},"12":{"start":{"line":24,"column":4},"end":{"line":24,"column":18}},"13":{"start":{"line":32,"column":16},"end":{"line":32,"column":27}},"14":{"start":{"line":34,"column":4},"end":{"line":34,"column":33}},"15":{"start":{"line":34,"column":22},"end":{"line":34,"column":33}},"16":{"start":{"line":36,"column":17},"end":{"line":36,"column":19}},"17":{"start":{"line":37,"column":17},"end":{"line":37,"column":34}},"18":{"start":{"line":39,"column":4},"end":{"line":43,"column":5}},"19":{"start":{"line":40,"column":24},"end":{"line":40,"column":36}},"20":{"start":{"line":41,"column":6},"end":{"line":41,"column":56}},"21":{"start":{"line":42,"column":6},"end":{"line":42,"column":27}},"22":{"start":{"line":45,"column":4},"end":{"line":45,"column":18}},"23":{"start":{"line":1,"column":0},"end":{"line":1,"column":13}}},"fnMap":{"0":{"name":"(anonymous_0)","decl":{"start":{"line":8,"column":2},"end":{"line":8,"column":8}},"loc":{"start":{"line":8,"column":33},"end":{"line":25,"column":3}}},"1":{"name":"(anonymous_1)","decl":{"start":{"line":31,"column":2},"end":{"line":31,"column":8}},"loc":{"start":{"line":31,"column":43},"end":{"line":46,"column":3}}}},"branchMap":{"0":{"loc":{"start":{"line":16,"column":4},"end":{"line":16,"column":31}},"type":"if","locations":[{"start":{"line":16,"column":4},"end":{"line":16,"column":31}},{"start":{},"end":{}}]},"1":{"loc":{"start":{"line":34,"column":4},"end":{"line":34,"column":33}},"type":"if","locations":[{"start":{"line":34,"column":4},"end":{"line":34,"column":33}},{"start":{},"end":{}}]}},"s":{"0":2,"1":2,"2":4,"3":4,"4":4,"5":23,"6":4,"7":1,"8":3,"9":3,"10":32,"11":32,"12":3,"13":9,"14":9,"15":2,"16":7,"17":7,"18":7,"19":31,"20":31,"21":31,"22":7,"23":2},"f":{"0":4,"1":9},"b":{"0":[1,3],"1":[2,7]}}
,"/home/joelrd01/Documents/programing/Backend/shortener-url/src/utils/codeValidatedEmail.ts": {"path":"/home/joelrd01/Documents/programing/Backend/shortener-url/src/utils/codeValidatedEmail.ts","statementMap":{"0":{"start":{"line":1,"column":0},"end":{"line":1,"column":28}},"1":{"start":{"line":3,"column":40},"end":{"line":15,"column":1}},"2":{"start":{"line":7,"column":22},"end":{"line":7,"column":48}},"3":{"start":{"line":8,"column":15},"end":{"line":8,"column":17}},"4":{"start":{"line":10,"column":2},"end":{"line":12,"column":3}},"5":{"start":{"line":10,"column":15},"end":{"line":10,"column":16}},"6":{"start":{"line":11,"column":4},"end":{"line":11,"column":51}},"7":{"start":{"line":14,"column":2},"end":{"line":14,"column":16}},"8":{"start":{"line":3,"column":13},"end":{"line":3,"column":40}}},"fnMap":{"0":{"name":"(anonymous_1)","decl":{"start":{"line":3,"column":40},"end":{"line":3,"column":null}},"loc":{"start":{"line":6,"column":12},"end":{"line":15,"column":1}}}},"branchMap":{"0":{"loc":{"start":{"line":4,"column":2},"end":{"line":4,"column":20}},"type":"default-arg","locations":[{"start":{"line":4,"column":19},"end":{"line":4,"column":20}}]},"1":{"loc":{"start":{"line":5,"column":2},"end":{"line":5,"column":82}},"type":"default-arg","locations":[{"start":{"line":5,"column":18},"end":{"line":5,"column":82}}]}},"s":{"0":1,"1":1,"2":4,"3":4,"4":4,"5":4,"6":126,"7":4,"8":1},"f":{"0":4},"b":{"0":[1],"1":[3]}}
,"/home/joelrd01/Documents/programing/Backend/shortener-url/src/utils/jwt.ts": {"path":"/home/joelrd01/Documents/programing/Backend/shortener-url/src/utils/jwt.ts","statementMap":{"0":{"start":{"line":1,"column":0},"end":{"line":1,"column":31}},"1":{"start":{"line":2,"column":0},"end":{"line":2,"column":38}},"2":{"start":{"line":4,"column":19},"end":{"line":4,"column":35}},"3":{"start":{"line":10,"column":31},"end":{"line":12,"column":1}},"4":{"start":{"line":11,"column":4},"end":{"line":11,"column":79}},"5":{"start":{"line":10,"column":13},"end":{"line":10,"column":31}},"6":{"start":{"line":14,"column":33},"end":{"line":16,"column":1}},"7":{"start":{"line":15,"column":4},"end":{"line":15,"column":79}},"8":{"start":{"line":14,"column":13},"end":{"line":14,"column":33}}},"fnMap":{"0":{"name":"(anonymous_1)","decl":{"start":{"line":10,"column":31},"end":{"line":10,"column":32}},"loc":{"start":{"line":10,"column":61},"end":{"line":12,"column":1}}},"1":{"name":"(anonymous_2)","decl":{"start":{"line":14,"column":33},"end":{"line":14,"column":34}},"loc":{"start":{"line":14,"column":63},"end":{"line":16,"column":1}}}},"branchMap":{},"s":{"0":1,"1":1,"2":1,"3":1,"4":1,"5":1,"6":1,"7":0,"8":1},"f":{"0":1,"1":0},"b":{}}
,"/home/joelrd01/Documents/programing/Backend/shortener-url/src/utils/limitClick.ts": {"path":"/home/joelrd01/Documents/programing/Backend/shortener-url/src/utils/limitClick.ts","statementMap":{"0":{"start":{"line":1,"column":0},"end":{"line":1,"column":62}},"1":{"start":{"line":4,"column":13},"end":{"line":16,"column":3}},"2":{"start":{"line":11,"column":8},"end":{"line":13,"column":9}},"3":{"start":{"line":12,"column":12},"end":{"line":12,"column":48}},"4":{"start":{"line":14,"column":8},"end":{"line":14,"column":44}},"5":{"start":{"line":18,"column":13},"end":{"line":30,"column":3}},"6":{"start":{"line":25,"column":8},"end":{"line":27,"column":9}},"7":{"start":{"line":26,"column":12},"end":{"line":26,"column":48}},"8":{"start":{"line":28,"column":8},"end":{"line":28,"column":44}},"9":{"start":{"line":32,"column":13},"end":{"line":44,"column":3}},"10":{"start":{"line":39,"column":8},"end":{"line":41,"column":9}},"11":{"start":{"line":40,"column":12},"end":{"line":40,"column":48}},"12":{"start":{"line":42,"column":8},"end":{"line":42,"column":44}}},"fnMap":{"0":{"name":"(anonymous_0)","decl":{"start":{"line":10,"column":18},"end":{"line":10,"column":19}},"loc":{"start":{"line":10,"column":59},"end":{"line":15,"column":5}}},"1":{"name":"(anonymous_1)","decl":{"start":{"line":24,"column":18},"end":{"line":24,"column":19}},"loc":{"start":{"line":24,"column":59},"end":{"line":29,"column":5}}},"2":{"name":"(anonymous_2)","decl":{"start":{"line":38,"column":18},"end":{"line":38,"column":19}},"loc":{"start":{"line":38,"column":59},"end":{"line":43,"column":5}}}},"branchMap":{"0":{"loc":{"start":{"line":11,"column":8},"end":{"line":13,"column":9}},"type":"if","locations":[{"start":{"line":11,"column":8},"end":{"line":13,"column":9}},{"start":{},"end":{}}]},"1":{"loc":{"start":{"line":14,"column":30},"end":{"line":14,"column":42}},"type":"binary-expr","locations":[{"start":{"line":14,"column":30},"end":{"line":14,"column":36}},{"start":{"line":14,"column":40},"end":{"line":14,"column":42}}]},"2":{"loc":{"start":{"line":25,"column":8},"end":{"line":27,"column":9}},"type":"if","locations":[{"start":{"line":25,"column":8},"end":{"line":27,"column":9}},{"start":{},"end":{}}]},"3":{"loc":{"start":{"line":28,"column":30},"end":{"line":28,"column":42}},"type":"binary-expr","locations":[{"start":{"line":28,"column":30},"end":{"line":28,"column":36}},{"start":{"line":28,"column":40},"end":{"line":28,"column":42}}]},"4":{"loc":{"start":{"line":39,"column":8},"end":{"line":41,"column":9}},"type":"if","locations":[{"start":{"line":39,"column":8},"end":{"line":41,"column":9}},{"start":{},"end":{}}]},"5":{"loc":{"start":{"line":42,"column":30},"end":{"line":42,"column":42}},"type":"binary-expr","locations":[{"start":{"line":42,"column":30},"end":{"line":42,"column":36}},{"start":{"line":42,"column":40},"end":{"line":42,"column":42}}]}},"s":{"0":1,"1":1,"2":0,"3":0,"4":0,"5":1,"6":0,"7":0,"8":0,"9":1,"10":0,"11":0,"12":0},"f":{"0":0,"1":0,"2":0},"b":{"0":[0,0],"1":[0,0],"2":[0,0],"3":[0,0],"4":[0,0],"5":[0,0]}}
,"/home/joelrd01/Documents/programing/Backend/shortener-url/src/utils/password_encrypt.ts": {"path":"/home/joelrd01/Documents/programing/Backend/shortener-url/src/utils/password_encrypt.ts","statementMap":{"0":{"start":{"line":8,"column":0},"end":{"line":8,"column":7}},"1":{"start":{"line":19,"column":0},"end":{"line":19,"column":7}},"2":{"start":{"line":1,"column":0},"end":{"line":1,"column":30}},"3":{"start":{"line":9,"column":17},"end":{"line":9,"column":41}},"4":{"start":{"line":10,"column":4},"end":{"line":10,"column":39}},"5":{"start":{"line":20,"column":4},"end":{"line":20,"column":42}}},"fnMap":{"0":{"name":"hashPassword","decl":{"start":{"line":8,"column":22},"end":{"line":8,"column":34}},"loc":{"start":{"line":8,"column":51},"end":{"line":11,"column":1}}},"1":{"name":"comparePassword","decl":{"start":{"line":19,"column":22},"end":{"line":19,"column":37}},"loc":{"start":{"line":19,"column":68},"end":{"line":21,"column":1}}}},"branchMap":{},"s":{"0":1,"1":1,"2":1,"3":1,"4":1,"5":2},"f":{"0":1,"1":2},"b":{}}
,"/home/joelrd01/Documents/programing/Backend/shortener-url/src/utils/snowflake.ts": {"path":"/home/joelrd01/Documents/programing/Backend/shortener-url/src/utils/snowflake.ts","statementMap":{"0":{"start":{"line":1,"column":0},"end":{"line":1,"column":53}},"1":{"start":{"line":5,"column":31},"end":{"line":5,"column":32}},"2":{"start":{"line":6,"column":36},"end":{"line":6,"column":38}},"3":{"start":{"line":8,"column":29},"end":{"line":8,"column":42}},"4":{"start":{"line":9,"column":39},"end":{"line":9,"column":40}},"5":{"start":{"line":10,"column":37},"end":{"line":10,"column":38}},"6":{"start":{"line":13,"column":8},"end":{"line":13,"column":71}},"7":{"start":{"line":17,"column":24},"end":{"line":17,"column":34}},"8":{"start":{"line":19,"column":8},"end":{"line":21,"column":9}},"9":{"start":{"line":20,"column":12},"end":{"line":20,"column":87}},"10":{"start":{"line":23,"column":8},"end":{"line":32,"column":9}},"11":{"start":{"line":24,"column":12},"end":{"line":24,"column":82}},"12":{"start":{"line":25,"column":12},"end":{"line":29,"column":13}},"13":{"start":{"line":26,"column":16},"end":{"line":28,"column":17}},"14":{"start":{"line":27,"column":20},"end":{"line":27,"column":43}},"15":{"start":{"line":31,"column":12},"end":{"line":31,"column":30}},"16":{"start":{"line":34,"column":8},"end":{"line":34,"column":39}},"17":{"start":{"line":36,"column":19},"end":{"line":38,"column":33}},"18":{"start":{"line":40,"column":8},"end":{"line":40,"column":26}},"19":{"start":{"line":44,"column":25},"end":{"line":44,"column":41}},"20":{"start":{"line":45,"column":8},"end":{"line":45,"column":63}},"21":{"start":{"line":3,"column":0},"end":{"line":3,"column":13}},"22":{"start":{"line":50,"column":0},"end":{"line":58,"column":1}},"23":{"start":{"line":51,"column":22},"end":{"line":51,"column":47}},"24":{"start":{"line":52,"column":4},"end":{"line":52,"column":50}},"25":{"start":{"line":53,"column":4},"end":{"line":53,"column":48}},"26":{"start":{"line":54,"column":4},"end":{"line":57,"column":5}},"27":{"start":{"line":54,"column":17},"end":{"line":54,"column":18}},"28":{"start":{"line":55,"column":25},"end":{"line":55,"column":53}},"29":{"start":{"line":56,"column":8},"end":{"line":56,"column":65}}},"fnMap":{"0":{"name":"(anonymous_0)","decl":{"start":{"line":12,"column":4},"end":{"line":12,"column":16}},"loc":{"start":{"line":12,"column":33},"end":{"line":14,"column":5}}},"1":{"name":"(anonymous_1)","decl":{"start":{"line":16,"column":12},"end":{"line":16,"column":21}},"loc":{"start":{"line":16,"column":21},"end":{"line":41,"column":5}}},"2":{"name":"(anonymous_2)","decl":{"start":{"line":43,"column":4},"end":{"line":43,"column":20}},"loc":{"start":{"line":43,"column":20},"end":{"line":46,"column":5}}}},"branchMap":{"0":{"loc":{"start":{"line":19,"column":8},"end":{"line":21,"column":9}},"type":"if","locations":[{"start":{"line":19,"column":8},"end":{"line":21,"column":9}},{"start":{},"end":{}}]},"1":{"loc":{"start":{"line":23,"column":8},"end":{"line":32,"column":9}},"type":"if","locations":[{"start":{"line":23,"column":8},"end":{"line":32,"column":9}},{"start":{"line":30,"column":15},"end":{"line":32,"column":9}}]},"2":{"loc":{"start":{"line":25,"column":12},"end":{"line":29,"column":13}},"type":"if","locations":[{"start":{"line":25,"column":12},"end":{"line":29,"column":13}},{"start":{},"end":{}}]},"3":{"loc":{"start":{"line":50,"column":0},"end":{"line":58,"column":1}},"type":"if","locations":[{"start":{"line":50,"column":0},"end":{"line":58,"column":1}},{"start":{},"end":{}}]}},"s":{"0":1,"1":4,"2":4,"3":4,"4":4,"5":4,"6":4,"7":7,"8":7,"9":0,"10":7,"11":3,"12":3,"13":0,"14":0,"15":4,"16":7,"17":7,"18":7,"19":3,"20":3,"21":1,"22":1,"23":0,"24":0,"25":0,"26":0,"27":0,"28":0,"29":0},"f":{"0":4,"1":7,"2":3},"b":{"0":[0,7],"1":[3,4],"2":[0,3],"3":[0,1]}}
,"/home/joelrd01/Documents/programing/Backend/shortener-url/src/utils/validateUserData.ts": {"path":"/home/joelrd01/Documents/programing/Backend/shortener-url/src/utils/validateUserData.ts","statementMap":{"0":{"start":{"line":6,"column":0},"end":{"line":6,"column":16}},"1":{"start":{"line":78,"column":0},"end":{"line":78,"column":16}},"2":{"start":{"line":162,"column":0},"end":{"line":162,"column":16}},"3":{"start":{"line":8,"column":27},"end":{"line":24,"column":6}},"4":{"start":{"line":27,"column":4},"end":{"line":29,"column":5}},"5":{"start":{"line":28,"column":8},"end":{"line":28,"column":74}},"6":{"start":{"line":32,"column":23},"end":{"line":32,"column":163}},"7":{"start":{"line":34,"column":4},"end":{"line":36,"column":5}},"8":{"start":{"line":35,"column":8},"end":{"line":35,"column":70}},"9":{"start":{"line":39,"column":19},"end":{"line":39,"column":52}},"10":{"start":{"line":42,"column":4},"end":{"line":47,"column":5}},"11":{"start":{"line":43,"column":8},"end":{"line":46,"column":10}},"12":{"start":{"line":50,"column":4},"end":{"line":52,"column":5}},"13":{"start":{"line":51,"column":8},"end":{"line":51,"column":89}},"14":{"start":{"line":54,"column":22},"end":{"line":54,"column":41}},"15":{"start":{"line":55,"column":4},"end":{"line":57,"column":5}},"16":{"start":{"line":56,"column":8},"end":{"line":56,"column":88}},"17":{"start":{"line":60,"column":4},"end":{"line":62,"column":5}},"18":{"start":{"line":61,"column":8},"end":{"line":61,"column":91}},"19":{"start":{"line":65,"column":4},"end":{"line":67,"column":5}},"20":{"start":{"line":66,"column":8},"end":{"line":66,"column":91}},"21":{"start":{"line":69,"column":4},"end":{"line":69,"column":29}},"22":{"start":{"line":83,"column":29},"end":{"line":83,"column":31}},"23":{"start":{"line":86,"column":22},"end":{"line":86,"column":24}},"24":{"start":{"line":89,"column":4},"end":{"line":95,"column":5}},"25":{"start":{"line":90,"column":8},"end":{"line":94,"column":10}},"26":{"start":{"line":98,"column":4},"end":{"line":100,"column":5}},"27":{"start":{"line":99,"column":8},"end":{"line":99,"column":81}},"28":{"start":{"line":103,"column":4},"end":{"line":105,"column":5}},"29":{"start":{"line":104,"column":8},"end":{"line":104,"column":66}},"30":{"start":{"line":108,"column":4},"end":{"line":110,"column":5}},"31":{"start":{"line":109,"column":8},"end":{"line":109,"column":66}},"32":{"start":{"line":113,"column":4},"end":{"line":115,"column":5}},"33":{"start":{"line":114,"column":8},"end":{"line":114,"column":56}},"34":{"start":{"line":118,"column":4},"end":{"line":120,"column":5}},"35":{"start":{"line":119,"column":8},"end":{"line":119,"column":81}},"36":{"start":{"line":123,"column":4},"end":{"line":125,"column":5}},"37":{"start":{"line":124,"column":8},"end":{"line":124,"column":63}},"38":{"start":{"line":128,"column":28},"end":{"line":131,"column":6}},"39":{"start":{"line":134,"column":4},"end":{"line":136,"column":5}},"40":{"start":{"line":135,"column":8},"end":{"line":135,"column":72}},"41":{"start":{"line":140,"column":4},"end":{"line":148,"column":5}},"42":{"start":{"line":141,"column":8},"end":{"line":141,"column":27}},"43":{"start":{"line":142,"column":11},"end":{"line":148,"column":5}},"44":{"start":{"line":143,"column":8},"end":{"line":143,"column":27}},"45":{"start":{"line":144,"column":11},"end":{"line":148,"column":5}},"46":{"start":{"line":145,"column":8},"end":{"line":145,"column":28}},"47":{"start":{"line":147,"column":8},"end":{"line":147,"column":32}},"48":{"start":{"line":150,"column":4},"end":{"line":154,"column":6}},"49":{"start":{"line":169,"column":29},"end":{"line":169,"column":31}},"50":{"start":{"line":177,"column":28},"end":{"line":177,"column":53}},"51":{"start":{"line":178,"column":4},"end":{"line":180,"column":5}},"52":{"start":{"line":179,"column":8},"end":{"line":179,"column":63}},"53":{"start":{"line":183,"column":31},"end":{"line":183,"column":62}},"54":{"start":{"line":184,"column":4},"end":{"line":186,"column":5}},"55":{"start":{"line":185,"column":8},"end":{"line":185,"column":50}},"56":{"start":{"line":189,"column":4},"end":{"line":191,"column":5}},"57":{"start":{"line":190,"column":8},"end":{"line":190,"column":66}},"58":{"start":{"line":192,"column":4},"end":{"line":194,"column":5}},"59":{"start":{"line":193,"column":8},"end":{"line":193,"column":68}},"60":{"start":{"line":196,"column":4},"end":{"line":199,"column":6}}},"fnMap":{"0":{"name":"validateEmail","decl":{"start":{"line":6,"column":16},"end":{"line":6,"column":29}},"loc":{"start":{"line":6,"column":43},"end":{"line":70,"column":1}}},"1":{"name":"validatePassword","decl":{"start":{"line":78,"column":16},"end":{"line":78,"column":32}},"loc":{"start":{"line":78,"column":49},"end":{"line":155,"column":1}}},"2":{"name":"validateRegistration","decl":{"start":{"line":162,"column":16},"end":{"line":162,"column":36}},"loc":{"start":{"line":168,"column":1},"end":{"line":200,"column":1}}}},"branchMap":{"0":{"loc":{"start":{"line":27,"column":4},"end":{"line":29,"column":5}},"type":"if","locations":[{"start":{"line":27,"column":4},"end":{"line":29,"column":5}},{"start":{},"end":{}}]},"1":{"loc":{"start":{"line":27,"column":8},"end":{"line":27,"column":37}},"type":"binary-expr","locations":[{"start":{"line":27,"column":8},"end":{"line":27,"column":14}},{"start":{"line":27,"column":18},"end":{"line":27,"column":37}}]},"2":{"loc":{"start":{"line":34,"column":4},"end":{"line":36,"column":5}},"type":"if","locations":[{"start":{"line":34,"column":4},"end":{"line":36,"column":5}},{"start":{},"end":{}}]},"3":{"loc":{"start":{"line":42,"column":4},"end":{"line":47,"column":5}},"type":"if","locations":[{"start":{"line":42,"column":4},"end":{"line":47,"column":5}},{"start":{},"end":{}}]},"4":{"loc":{"start":{"line":50,"column":4},"end":{"line":52,"column":5}},"type":"if","locations":[{"start":{"line":50,"column":4},"end":{"line":52,"column":5}},{"start":{},"end":{}}]},"5":{"loc":{"start":{"line":55,"column":4},"end":{"line":57,"column":5}},"type":"if","locations":[{"start":{"line":55,"column":4},"end":{"line":57,"column":5}},{"start":{},"end":{}}]},"6":{"loc":{"start":{"line":60,"column":4},"end":{"line":62,"column":5}},"type":"if","locations":[{"start":{"line":60,"column":4},"end":{"line":62,"column":5}},{"start":{},"end":{}}]},"7":{"loc":{"start":{"line":65,"column":4},"end":{"line":67,"column":5}},"type":"if","locations":[{"start":{"line":65,"column":4},"end":{"line":67,"column":5}},{"start":{},"end":{}}]},"8":{"loc":{"start":{"line":65,"column":8},"end":{"line":65,"column":60}},"type":"binary-expr","locations":[{"start":{"line":65,"column":8},"end":{"line":65,"column":33}},{"start":{"line":65,"column":37},"end":{"line":65,"column":60}}]},"9":{"loc":{"start":{"line":89,"column":4},"end":{"line":95,"column":5}},"type":"if","locations":[{"start":{"line":89,"column":4},"end":{"line":95,"column":5}},{"start":{},"end":{}}]},"10":{"loc":{"start":{"line":89,"column":8},"end":{"line":89,"column":43}},"type":"binary-expr","locations":[{"start":{"line":89,"column":8},"end":{"line":89,"column":17}},{"start":{"line":89,"column":21},"end":{"line":89,"column":43}}]},"11":{"loc":{"start":{"line":98,"column":4},"end":{"line":100,"column":5}},"type":"if","locations":[{"start":{"line":98,"column":4},"end":{"line":100,"column":5}},{"start":{},"end":{}}]},"12":{"loc":{"start":{"line":103,"column":4},"end":{"line":105,"column":5}},"type":"if","locations":[{"start":{"line":103,"column":4},"end":{"line":105,"column":5}},{"start":{},"end":{}}]},"13":{"loc":{"start":{"line":108,"column":4},"end":{"line":110,"column":5}},"type":"if","locations":[{"start":{"line":108,"column":4},"end":{"line":110,"column":5}},{"start":{},"end":{}}]},"14":{"loc":{"start":{"line":113,"column":4},"end":{"line":115,"column":5}},"type":"if","locations":[{"start":{"line":113,"column":4},"end":{"line":115,"column":5}},{"start":{},"end":{}}]},"15":{"loc":{"start":{"line":118,"column":4},"end":{"line":120,"column":5}},"type":"if","locations":[{"start":{"line":118,"column":4},"end":{"line":120,"column":5}},{"start":{},"end":{}}]},"16":{"loc":{"start":{"line":123,"column":4},"end":{"line":125,"column":5}},"type":"if","locations":[{"start":{"line":123,"column":4},"end":{"line":125,"column":5}},{"start":{},"end":{}}]},"17":{"loc":{"start":{"line":134,"column":4},"end":{"line":136,"column":5}},"type":"if","locations":[{"start":{"line":134,"column":4},"end":{"line":136,"column":5}},{"start":{},"end":{}}]},"18":{"loc":{"start":{"line":140,"column":4},"end":{"line":148,"column":5}},"type":"if","locations":[{"start":{"line":140,"column":4},"end":{"line":148,"column":5}},{"start":{"line":142,"column":11},"end":{"line":148,"column":5}}]},"19":{"loc":{"start":{"line":142,"column":11},"end":{"line":148,"column":5}},"type":"if","locations":[{"start":{"line":142,"column":11},"end":{"line":148,"column":5}},{"start":{"line":144,"column":11},"end":{"line":148,"column":5}}]},"20":{"loc":{"start":{"line":144,"column":11},"end":{"line":148,"column":5}},"type":"if","locations":[{"start":{"line":144,"column":11},"end":{"line":148,"column":5}},{"start":{"line":146,"column":11},"end":{"line":148,"column":5}}]},"21":{"loc":{"start":{"line":178,"column":4},"end":{"line":180,"column":5}},"type":"if","locations":[{"start":{"line":178,"column":4},"end":{"line":180,"column":5}},{"start":{},"end":{}}]},"22":{"loc":{"start":{"line":179,"column":20},"end":{"line":179,"column":61}},"type":"binary-expr","locations":[{"start":{"line":179,"column":20},"end":{"line":179,"column":41}},{"start":{"line":179,"column":45},"end":{"line":179,"column":61}}]},"23":{"loc":{"start":{"line":184,"column":4},"end":{"line":186,"column":5}},"type":"if","locations":[{"start":{"line":184,"column":4},"end":{"line":186,"column":5}},{"start":{},"end":{}}]},"24":{"loc":{"start":{"line":189,"column":4},"end":{"line":191,"column":5}},"type":"if","locations":[{"start":{"line":189,"column":4},"end":{"line":191,"column":5}},{"start":{},"end":{}}]},"25":{"loc":{"start":{"line":189,"column":8},"end":{"line":189,"column":48}},"type":"binary-expr","locations":[{"start":{"line":189,"column":8},"end":{"line":189,"column":17}},{"start":{"line":189,"column":21},"end":{"line":189,"column":48}}]},"26":{"loc":{"start":{"line":192,"column":4},"end":{"line":194,"column":5}},"type":"if","locations":[{"start":{"line":192,"column":4},"end":{"line":194,"column":5}},{"start":{},"end":{}}]},"27":{"loc":{"start":{"line":192,"column":8},"end":{"line":192,"column":56}},"type":"binary-expr","locations":[{"start":{"line":192,"column":8},"end":{"line":192,"column":21}},{"start":{"line":192,"column":25},"end":{"line":192,"column":56}}]}},"s":{"0":1,"1":1,"2":1,"3":7,"4":7,"5":0,"6":7,"7":7,"8":3,"9":4,"10":4,"11":1,"12":3,"13":0,"14":3,"15":3,"16":0,"17":3,"18":0,"19":3,"20":0,"21":3,"22":5,"23":5,"24":5,"25":0,"26":5,"27":2,"28":5,"29":0,"30":5,"31":2,"32":5,"33":2,"34":5,"35":3,"36":5,"37":0,"38":5,"39":5,"40":1,"41":5,"42":0,"43":5,"44":2,"45":3,"46":0,"47":3,"48":5,"49":2,"50":2,"51":2,"52":1,"53":2,"54":2,"55":1,"56":2,"57":0,"58":2,"59":0,"60":2},"f":{"0":7,"1":5,"2":2},"b":{"0":[0,7],"1":[7,7],"2":[3,4],"3":[1,3],"4":[0,3],"5":[0,3],"6":[0,3],"7":[0,3],"8":[3,3],"9":[0,5],"10":[5,5],"11":[2,3],"12":[0,5],"13":[2,3],"14":[2,3],"15":[3,2],"16":[0,5],"17":[1,4],"18":[0,5],"19":[2,3],"20":[0,3],"21":[1,1],"22":[1,0],"23":[1,1],"24":[0,2],"25":[2,1],"26":[0,2],"27":[2,1]}}
}
