{"/home/joelrd01/Documents/code/shortener-url/src/Middleware/authJWT.ts": {"path":"/home/joelrd01/Documents/code/shortener-url/src/Middleware/authJWT.ts","statementMap":{"0":{"start":{"line":8,"column":0},"end":{"line":8,"column":16}},"1":{"start":{"line":25,"column":0},"end":{"line":25,"column":7}},"2":{"start":{"line":1,"column":0},"end":{"line":1,"column":31}},"3":{"start":{"line":4,"column":0},"end":{"line":4,"column":38}},"4":{"start":{"line":6,"column":19},"end":{"line":6,"column":35}},"5":{"start":{"line":9,"column":23},"end":{"line":9,"column":54}},"6":{"start":{"line":11,"column":2},"end":{"line":13,"column":3}},"7":{"start":{"line":12,"column":4},"end":{"line":12,"column":40}},"8":{"start":{"line":15,"column":16},"end":{"line":15,"column":28}},"9":{"start":{"line":17,"column":2},"end":{"line":22,"column":5}},"10":{"start":{"line":18,"column":4},"end":{"line":20,"column":5}},"11":{"start":{"line":19,"column":6},"end":{"line":19,"column":42}},"12":{"start":{"line":21,"column":4},"end":{"line":21,"column":11}},"13":{"start":{"line":26,"column":26},"end":{"line":26,"column":41}},"14":{"start":{"line":28,"column":2},"end":{"line":31,"column":3}},"15":{"start":{"line":29,"column":4},"end":{"line":29,"column":33}},"16":{"start":{"line":30,"column":4},"end":{"line":30,"column":10}},"17":{"start":{"line":33,"column":16},"end":{"line":33,"column":31}},"18":{"start":{"line":35,"column":2},"end":{"line":41,"column":5}},"19":{"start":{"line":36,"column":4},"end":{"line":39,"column":5}},"20":{"start":{"line":37,"column":6},"end":{"line":37,"column":null}},"21":{"start":{"line":38,"column":6},"end":{"line":38,"column":12}},"22":{"start":{"line":40,"column":4},"end":{"line":40,"column":11}}},"fnMap":{"0":{"name":"authJWT","decl":{"start":{"line":8,"column":16},"end":{"line":8,"column":23}},"loc":{"start":{"line":8,"column":71},"end":{"line":23,"column":1}}},"1":{"name":"(anonymous_2)","decl":{"start":{"line":17,"column":32},"end":{"line":17,"column":33}},"loc":{"start":{"line":17,"column":49},"end":{"line":22,"column":3}}},"2":{"name":"verifySendToEmail","decl":{"start":{"line":25,"column":22},"end":{"line":25,"column":39}},"loc":{"start":{"line":25,"column":87},"end":{"line":42,"column":1}}},"3":{"name":"(anonymous_4)","decl":{"start":{"line":35,"column":42},"end":{"line":35,"column":43}},"loc":{"start":{"line":35,"column":59},"end":{"line":41,"column":3}}}},"branchMap":{"0":{"loc":{"start":{"line":11,"column":2},"end":{"line":13,"column":3}},"type":"if","locations":[{"start":{"line":11,"column":2},"end":{"line":13,"column":3}},{"start":{},"end":{}}]},"1":{"loc":{"start":{"line":18,"column":4},"end":{"line":20,"column":5}},"type":"if","locations":[{"start":{"line":18,"column":4},"end":{"line":20,"column":5}},{"start":{},"end":{}}]},"2":{"loc":{"start":{"line":28,"column":2},"end":{"line":31,"column":3}},"type":"if","locations":[{"start":{"line":28,"column":2},"end":{"line":31,"column":3}},{"start":{},"end":{}}]},"3":{"loc":{"start":{"line":36,"column":4},"end":{"line":39,"column":5}},"type":"if","locations":[{"start":{"line":36,"column":4},"end":{"line":39,"column":5}},{"start":{},"end":{}}]}},"s":{"0":1,"1":1,"2":1,"3":1,"4":1,"5":3,"6":3,"7":1,"8":2,"9":2,"10":2,"11":1,"12":1,"13":3,"14":3,"15":1,"16":1,"17":2,"18":2,"19":2,"20":1,"21":1,"22":1},"f":{"0":3,"1":2,"2":3,"3":2},"b":{"0":[1,2],"1":[1,1],"2":[1,2],"3":[1,1]}}
,"/home/joelrd01/Documents/code/shortener-url/src/repository/urlShortAnonimusRepository.ts": {"path":"/home/joelrd01/Documents/code/shortener-url/src/repository/urlShortAnonimusRepository.ts","statementMap":{"0":{"start":{"line":5,"column":24},"end":{"line":5,"column":34}},"1":{"start":{"line":8,"column":8},"end":{"line":22,"column":9}},"2":{"start":{"line":9,"column":27},"end":{"line":12,"column":14}},"3":{"start":{"line":14,"column":12},"end":{"line":16,"column":13}},"4":{"start":{"line":15,"column":16},"end":{"line":15,"column":28}},"5":{"start":{"line":18,"column":12},"end":{"line":18,"column":57}},"6":{"start":{"line":20,"column":12},"end":{"line":20,"column":null}},"7":{"start":{"line":21,"column":12},"end":{"line":21,"column":24}},"8":{"start":{"line":26,"column":8},"end":{"line":40,"column":9}},"9":{"start":{"line":27,"column":27},"end":{"line":30,"column":14}},"10":{"start":{"line":32,"column":12},"end":{"line":34,"column":13}},"11":{"start":{"line":33,"column":16},"end":{"line":33,"column":28}},"12":{"start":{"line":36,"column":12},"end":{"line":36,"column":29}},"13":{"start":{"line":38,"column":12},"end":{"line":38,"column":null}},"14":{"start":{"line":39,"column":12},"end":{"line":39,"column":24}},"15":{"start":{"line":4,"column":0},"end":{"line":4,"column":13}}},"fnMap":{"0":{"name":"(anonymous_0)","decl":{"start":{"line":5,"column":4},"end":{"line":5,"column":24}},"loc":{"start":{"line":5,"column":34},"end":{"line":5,"column":39}}},"1":{"name":"(anonymous_1)","decl":{"start":{"line":7,"column":4},"end":{"line":7,"column":9}},"loc":{"start":{"line":7,"column":36},"end":{"line":23,"column":5}}},"2":{"name":"(anonymous_2)","decl":{"start":{"line":25,"column":4},"end":{"line":25,"column":9}},"loc":{"start":{"line":25,"column":56},"end":{"line":41,"column":5}}}},"branchMap":{"0":{"loc":{"start":{"line":14,"column":12},"end":{"line":16,"column":13}},"type":"if","locations":[{"start":{"line":14,"column":12},"end":{"line":16,"column":13}},{"start":{},"end":{}}]},"1":{"loc":{"start":{"line":32,"column":12},"end":{"line":34,"column":13}},"type":"if","locations":[{"start":{"line":32,"column":12},"end":{"line":34,"column":13}},{"start":{},"end":{}}]}},"s":{"0":4,"1":2,"2":2,"3":2,"4":0,"5":2,"6":1,"7":1,"8":2,"9":2,"10":1,"11":0,"12":1,"13":1,"14":1,"15":1},"f":{"0":4,"1":2,"2":2},"b":{"0":[0,2],"1":[0,1]}}
,"/home/joelrd01/Documents/code/shortener-url/src/repository/userAuthRepository.ts": {"path":"/home/joelrd01/Documents/code/shortener-url/src/repository/userAuthRepository.ts","statementMap":{"0":{"start":{"line":5,"column":24},"end":{"line":5,"column":34}},"1":{"start":{"line":8,"column":23},"end":{"line":11,"column":10}},"2":{"start":{"line":12,"column":8},"end":{"line":12,"column":38}},"3":{"start":{"line":16,"column":8},"end":{"line":30,"column":9}},"4":{"start":{"line":17,"column":27},"end":{"line":24,"column":14}},"5":{"start":{"line":26,"column":12},"end":{"line":26,"column":28}},"6":{"start":{"line":28,"column":12},"end":{"line":28,"column":71}},"7":{"start":{"line":29,"column":12},"end":{"line":29,"column":25}},"8":{"start":{"line":34,"column":8},"end":{"line":47,"column":9}},"9":{"start":{"line":35,"column":25},"end":{"line":35,"column":54}},"10":{"start":{"line":36,"column":27},"end":{"line":36,"column":48}},"11":{"start":{"line":38,"column":27},"end":{"line":41,"column":14}},"12":{"start":{"line":43,"column":12},"end":{"line":43,"column":28}},"13":{"start":{"line":45,"column":12},"end":{"line":45,"column":82}},"14":{"start":{"line":46,"column":12},"end":{"line":46,"column":25}},"15":{"start":{"line":51,"column":8},"end":{"line":61,"column":9}},"16":{"start":{"line":52,"column":27},"end":{"line":55,"column":14}},"17":{"start":{"line":57,"column":12},"end":{"line":57,"column":36}},"18":{"start":{"line":59,"column":12},"end":{"line":59,"column":85}},"19":{"start":{"line":60,"column":12},"end":{"line":60,"column":25}},"20":{"start":{"line":65,"column":8},"end":{"line":75,"column":9}},"21":{"start":{"line":66,"column":27},"end":{"line":69,"column":14}},"22":{"start":{"line":71,"column":12},"end":{"line":71,"column":28}},"23":{"start":{"line":73,"column":12},"end":{"line":73,"column":89}},"24":{"start":{"line":74,"column":12},"end":{"line":74,"column":25}},"25":{"start":{"line":4,"column":0},"end":{"line":4,"column":13}}},"fnMap":{"0":{"name":"(anonymous_0)","decl":{"start":{"line":5,"column":4},"end":{"line":5,"column":24}},"loc":{"start":{"line":5,"column":34},"end":{"line":5,"column":39}}},"1":{"name":"(anonymous_1)","decl":{"start":{"line":7,"column":4},"end":{"line":7,"column":9}},"loc":{"start":{"line":7,"column":35},"end":{"line":13,"column":5}}},"2":{"name":"(anonymous_2)","decl":{"start":{"line":15,"column":4},"end":{"line":15,"column":9}},"loc":{"start":{"line":15,"column":33},"end":{"line":31,"column":5}}},"3":{"name":"(anonymous_3)","decl":{"start":{"line":33,"column":4},"end":{"line":33,"column":9}},"loc":{"start":{"line":33,"column":59},"end":{"line":48,"column":5}}},"4":{"name":"(anonymous_4)","decl":{"start":{"line":50,"column":4},"end":{"line":50,"column":9}},"loc":{"start":{"line":50,"column":60},"end":{"line":62,"column":5}}},"5":{"name":"(anonymous_5)","decl":{"start":{"line":64,"column":4},"end":{"line":64,"column":9}},"loc":{"start":{"line":64,"column":50},"end":{"line":76,"column":5}}}},"branchMap":{"0":{"loc":{"start":{"line":12,"column":15},"end":{"line":12,"column":37}},"type":"binary-expr","locations":[{"start":{"line":12,"column":15},"end":{"line":12,"column":29}},{"start":{"line":12,"column":33},"end":{"line":12,"column":37}}]},"1":{"loc":{"start":{"line":36,"column":27},"end":{"line":36,"column":48}},"type":"cond-expr","locations":[{"start":{"line":36,"column":34},"end":{"line":36,"column":41}},{"start":{"line":36,"column":44},"end":{"line":36,"column":48}}]}},"s":{"0":4,"1":2,"2":2,"3":2,"4":2,"5":1,"6":1,"7":1,"8":0,"9":0,"10":0,"11":0,"12":0,"13":0,"14":0,"15":0,"16":0,"17":0,"18":0,"19":0,"20":0,"21":0,"22":0,"23":0,"24":0,"25":1},"f":{"0":4,"1":2,"2":2,"3":0,"4":0,"5":0},"b":{"0":[2,1],"1":[0,0]}}
}
