TN:
SF:src/Middleware/authJWT.ts
FN:8,authJWT
FN:17,(anonymous_2)
FN:25,verifySendToEmail
FN:40,(anonymous_4)
FN:49,redirectIfAuthenticated
FN:55,(anonymous_6)
FNF:6
FNH:4
FNDA:3,authJWT
FNDA:2,(anonymous_2)
FNDA:3,verifySendToEmail
FNDA:2,(anonymous_4)
FNDA:0,redirectIfAuthenticated
FNDA:0,(anonymous_6)
DA:1,1
DA:4,1
DA:6,1
DA:8,1
DA:9,3
DA:11,3
DA:12,1
DA:15,2
DA:17,2
DA:18,2
DA:19,1
DA:21,1
DA:25,1
DA:27,3
DA:28,1
DA:29,1
DA:32,2
DA:33,2
DA:35,2
DA:36,0
DA:37,0
DA:39,2
DA:40,2
DA:41,2
DA:42,1
DA:43,1
DA:45,1
DA:49,1
DA:50,0
DA:51,0
DA:52,0
DA:55,0
DA:56,0
DA:57,0
DA:59,0
LF:35
LH:26
BRDA:11,0,0,1
BRDA:11,0,1,2
BRDA:18,1,0,1
BRDA:18,1,1,1
BRDA:27,2,0,1
BRDA:27,2,1,2
BRDA:35,3,0,0
BRDA:35,3,1,2
BRDA:41,4,0,1
BRDA:41,4,1,1
BRDA:51,5,0,0
BRDA:51,5,1,0
BRDA:56,6,0,0
BRDA:56,6,1,0
BRF:14
BRH:9
end_of_record
TN:
SF:src/repository/urlShortAnonimusRepository.ts
FN:5,(anonymous_0)
FN:7,(anonymous_1)
FN:25,(anonymous_2)
FNF:3
FNH:3
FNDA:4,(anonymous_0)
FNDA:2,(anonymous_1)
FNDA:2,(anonymous_2)
DA:4,1
DA:5,4
DA:8,2
DA:9,2
DA:14,2
DA:15,0
DA:18,2
DA:20,1
DA:21,1
DA:26,2
DA:27,2
DA:32,1
DA:33,0
DA:36,1
DA:38,1
DA:39,1
LF:16
LH:14
BRDA:14,0,0,0
BRDA:14,0,1,2
BRDA:32,1,0,0
BRDA:32,1,1,1
BRF:4
BRH:2
end_of_record
TN:
SF:src/repository/userAuthRepository.ts
FN:5,(anonymous_0)
FN:7,(anonymous_1)
FN:15,(anonymous_2)
FN:33,(anonymous_3)
FN:50,(anonymous_4)
FN:64,(anonymous_5)
FNF:6
FNH:3
FNDA:4,(anonymous_0)
FNDA:2,(anonymous_1)
FNDA:2,(anonymous_2)
FNDA:0,(anonymous_3)
FNDA:0,(anonymous_4)
FNDA:0,(anonymous_5)
DA:4,1
DA:5,4
DA:8,2
DA:12,2
DA:16,2
DA:17,2
DA:26,1
DA:28,1
DA:29,1
DA:34,0
DA:35,0
DA:36,0
DA:38,0
DA:43,0
DA:45,0
DA:46,0
DA:51,0
DA:52,0
DA:57,0
DA:59,0
DA:60,0
DA:65,0
DA:66,0
DA:71,0
DA:73,0
DA:74,0
LF:26
LH:9
BRDA:12,0,0,2
BRDA:12,0,1,1
BRDA:36,1,0,0
BRDA:36,1,1,0
BRF:4
BRH:2
end_of_record
TN:
SF:src/utils/base62Convert.ts
FN:8,(anonymous_0)
FN:31,(anonymous_1)
FNF:2
FNH:2
FNDA:4,(anonymous_0)
FNDA:9,(anonymous_1)
DA:1,2
DA:2,2
DA:3,2
DA:9,4
DA:10,4
DA:12,4
DA:13,23
DA:16,4
DA:18,3
DA:19,3
DA:20,32
DA:21,32
DA:24,3
DA:32,9
DA:34,9
DA:36,7
DA:37,7
DA:39,7
DA:40,31
DA:41,31
DA:42,31
DA:45,7
LF:22
LH:22
BRDA:16,0,0,1
BRDA:16,0,1,3
BRDA:34,1,0,2
BRDA:34,1,1,7
BRF:4
BRH:4
end_of_record
TN:
SF:src/utils/codeValidatedEmail.ts
FN:3,(anonymous_1)
FNF:1
FNH:1
FNDA:4,(anonymous_1)
DA:1,1
DA:3,1
DA:7,4
DA:8,4
DA:10,4
DA:11,126
DA:14,4
LF:7
LH:7
BRDA:4,0,0,1
BRDA:5,1,0,3
BRF:2
BRH:2
end_of_record
TN:
SF:src/utils/jwt.ts
FN:10,(anonymous_1)
FN:14,(anonymous_2)
FNF:2
FNH:1
FNDA:1,(anonymous_1)
FNDA:0,(anonymous_2)
DA:1,1
DA:2,1
DA:4,1
DA:10,1
DA:11,1
DA:14,1
DA:15,0
LF:7
LH:6
BRF:0
BRH:0
end_of_record
TN:
SF:src/utils/limitClick.ts
FN:10,(anonymous_0)
FN:24,(anonymous_1)
FN:38,(anonymous_2)
FNF:3
FNH:0
FNDA:0,(anonymous_0)
FNDA:0,(anonymous_1)
FNDA:0,(anonymous_2)
DA:1,1
DA:4,1
DA:11,0
DA:12,0
DA:14,0
DA:18,1
DA:25,0
DA:26,0
DA:28,0
DA:32,1
DA:39,0
DA:40,0
DA:42,0
LF:13
LH:4
BRDA:11,0,0,0
BRDA:11,0,1,0
BRDA:14,1,0,0
BRDA:14,1,1,0
BRDA:25,2,0,0
BRDA:25,2,1,0
BRDA:28,3,0,0
BRDA:28,3,1,0
BRDA:39,4,0,0
BRDA:39,4,1,0
BRDA:42,5,0,0
BRDA:42,5,1,0
BRF:12
BRH:0
end_of_record
TN:
SF:src/utils/password_encrypt.ts
FN:8,hashPassword
FN:19,comparePassword
FNF:2
FNH:2
FNDA:1,hashPassword
FNDA:2,comparePassword
DA:1,1
DA:8,1
DA:9,1
DA:10,1
DA:19,1
DA:20,2
LF:6
LH:6
BRF:0
BRH:0
end_of_record
TN:
SF:src/utils/snowflake.ts
FN:12,(anonymous_0)
FN:16,(anonymous_1)
FN:43,(anonymous_2)
FNF:3
FNH:3
FNDA:4,(anonymous_0)
FNDA:7,(anonymous_1)
FNDA:3,(anonymous_2)
DA:1,1
DA:3,1
DA:5,4
DA:6,4
DA:8,4
DA:9,4
DA:10,4
DA:13,4
DA:17,7
DA:19,7
DA:20,0
DA:23,7
DA:24,3
DA:25,3
DA:26,0
DA:27,0
DA:31,4
DA:34,7
DA:36,7
DA:40,7
DA:44,3
DA:45,3
DA:50,1
DA:51,0
DA:52,0
DA:53,0
DA:54,0
DA:55,0
DA:56,0
LF:29
LH:20
BRDA:19,0,0,0
BRDA:19,0,1,7
BRDA:23,1,0,3
BRDA:23,1,1,4
BRDA:25,2,0,0
BRDA:25,2,1,3
BRDA:50,3,0,0
BRDA:50,3,1,1
BRF:8
BRH:5
end_of_record
TN:
SF:src/utils/validateUserData.ts
FN:6,validateEmail
FN:78,validatePassword
FN:162,validateRegistration
FNF:3
FNH:3
FNDA:7,validateEmail
FNDA:5,validatePassword
FNDA:2,validateRegistration
DA:6,1
DA:8,7
DA:27,7
DA:28,0
DA:32,7
DA:34,7
DA:35,3
DA:39,4
DA:42,4
DA:43,1
DA:50,3
DA:51,0
DA:54,3
DA:55,3
DA:56,0
DA:60,3
DA:61,0
DA:65,3
DA:66,0
DA:69,3
DA:78,1
DA:83,5
DA:86,5
DA:89,5
DA:90,0
DA:98,5
DA:99,2
DA:103,5
DA:104,0
DA:108,5
DA:109,2
DA:113,5
DA:114,2
DA:118,5
DA:119,3
DA:123,5
DA:124,0
DA:128,5
DA:134,5
DA:135,1
DA:140,5
DA:141,0
DA:142,5
DA:143,2
DA:144,3
DA:145,0
DA:147,3
DA:150,5
DA:162,1
DA:169,2
DA:177,2
DA:178,2
DA:179,1
DA:183,2
DA:184,2
DA:185,1
DA:189,2
DA:190,0
DA:192,2
DA:193,0
DA:196,2
LF:61
LH:49
BRDA:27,0,0,0
BRDA:27,0,1,7
BRDA:27,1,0,7
BRDA:27,1,1,7
BRDA:34,2,0,3
BRDA:34,2,1,4
BRDA:42,3,0,1
BRDA:42,3,1,3
BRDA:50,4,0,0
BRDA:50,4,1,3
BRDA:55,5,0,0
BRDA:55,5,1,3
BRDA:60,6,0,0
BRDA:60,6,1,3
BRDA:65,7,0,0
BRDA:65,7,1,3
BRDA:65,8,0,3
BRDA:65,8,1,3
BRDA:89,9,0,0
BRDA:89,9,1,5
BRDA:89,10,0,5
BRDA:89,10,1,5
BRDA:98,11,0,2
BRDA:98,11,1,3
BRDA:103,12,0,0
BRDA:103,12,1,5
BRDA:108,13,0,2
BRDA:108,13,1,3
BRDA:113,14,0,2
BRDA:113,14,1,3
BRDA:118,15,0,3
BRDA:118,15,1,2
BRDA:123,16,0,0
BRDA:123,16,1,5
BRDA:134,17,0,1
BRDA:134,17,1,4
BRDA:140,18,0,0
BRDA:140,18,1,5
BRDA:142,19,0,2
BRDA:142,19,1,3
BRDA:144,20,0,0
BRDA:144,20,1,3
BRDA:178,21,0,1
BRDA:178,21,1,1
BRDA:179,22,0,1
BRDA:179,22,1,0
BRDA:184,23,0,1
BRDA:184,23,1,1
BRDA:189,24,0,0
BRDA:189,24,1,2
BRDA:189,25,0,2
BRDA:189,25,1,1
BRDA:192,26,0,0
BRDA:192,26,1,2
BRDA:192,27,0,2
BRDA:192,27,1,1
BRF:56
BRH:43
end_of_record
