TN:
SF:src/Middleware/authJWT.ts
FN:8,authJWT
FN:17,(anonymous_2)
FN:25,verifySendToEmail
FN:35,(anonymous_4)
FNF:4
FNH:4
FNDA:3,authJWT
FNDA:2,(anonymous_2)
FNDA:3,verifySendToEmail
FNDA:2,(anonymous_4)
DA:1,1
DA:4,1
DA:6,1
DA:8,1
DA:9,3
DA:11,3
DA:12,1
DA:15,2
DA:17,2
DA:18,2
DA:19,1
DA:21,1
DA:25,1
DA:26,3
DA:28,3
DA:29,1
DA:30,1
DA:33,2
DA:35,2
DA:36,2
DA:37,1
DA:38,1
DA:40,1
LF:23
LH:23
BRDA:11,0,0,1
BRDA:11,0,1,2
BRDA:18,1,0,1
BRDA:18,1,1,1
BRDA:28,2,0,1
BRDA:28,2,1,2
BRDA:36,3,0,1
BRDA:36,3,1,1
BRF:8
BRH:8
end_of_record
TN:
SF:src/repository/urlShortAnonimusRepository.ts
FN:5,(anonymous_0)
FN:7,(anonymous_1)
FN:25,(anonymous_2)
FNF:3
FNH:3
FNDA:4,(anonymous_0)
FNDA:2,(anonymous_1)
FNDA:2,(anonymous_2)
DA:4,1
DA:5,4
DA:8,2
DA:9,2
DA:14,2
DA:15,0
DA:18,2
DA:20,1
DA:21,1
DA:26,2
DA:27,2
DA:32,1
DA:33,0
DA:36,1
DA:38,1
DA:39,1
LF:16
LH:14
BRDA:14,0,0,0
BRDA:14,0,1,2
BRDA:32,1,0,0
BRDA:32,1,1,1
BRF:4
BRH:2
end_of_record
TN:
SF:src/repository/userAuthRepository.ts
FN:5,(anonymous_0)
FN:7,(anonymous_1)
FN:15,(anonymous_2)
FN:33,(anonymous_3)
FN:50,(anonymous_4)
FN:64,(anonymous_5)
FNF:6
FNH:3
FNDA:4,(anonymous_0)
FNDA:2,(anonymous_1)
FNDA:2,(anonymous_2)
FNDA:0,(anonymous_3)
FNDA:0,(anonymous_4)
FNDA:0,(anonymous_5)
DA:4,1
DA:5,4
DA:8,2
DA:12,2
DA:16,2
DA:17,2
DA:26,1
DA:28,1
DA:29,1
DA:34,0
DA:35,0
DA:36,0
DA:38,0
DA:43,0
DA:45,0
DA:46,0
DA:51,0
DA:52,0
DA:57,0
DA:59,0
DA:60,0
DA:65,0
DA:66,0
DA:71,0
DA:73,0
DA:74,0
LF:26
LH:9
BRDA:12,0,0,2
BRDA:12,0,1,1
BRDA:36,1,0,0
BRDA:36,1,1,0
BRF:4
BRH:2
end_of_record
